==============================================================================
POM robot demoblaze                                                           
==============================================================================
POM robot demoblaze.TestCases                                                 
==============================================================================
POM robot demoblaze.TestCases.loginData :: test to logim to login page        
==============================================================================
validate unsuccessful login using invalid username                    | PASS |
------------------------------------------------------------------------------
Validate Unsuccessful login using invalid password                    | PASS |
------------------------------------------------------------------------------
validate Successful login using valid credentials                     | PASS |
------------------------------------------------------------------------------
validate Successful login using invalid credentials                   | PASS |
------------------------------------------------------------------------------
validate Unsuccessful login for blank username                        | PASS |
------------------------------------------------------------------------------
POM robot demoblaze.TestCases.loginData :: test to logim to login ... | PASS |
5 tests, 5 passed, 0 failed
==============================================================================
POM robot demoblaze.TestCases                                         | PASS |
5 tests, 5 passed, 0 failed
==============================================================================
POM robot demoblaze                                                   | PASS |
5 tests, 5 passed, 0 failed
==============================================================================
Output:  D:\POM_robot_demoblaze\pabot_results\1\output.xml
